Engine-Match Monday, December 23, 2024 11:50:38 PM
 1 Second 

Pairing 1/1 :    JavaFish  -  JavaFishOld

PGN-File: C:\Program Files (x86)\Arena\Arena.pgn

No:  B/W 1/2     W:B       1:2           Time        Value Moves Dep 1:2       1-2-Draws
   1 * *     0.0:0.0        0.0:0.0       11:53:55 PM    -1.20    46 7.053 :7.216  0-0-0
   1 * *     0.0:0.0        0.0:0.0       12:00:58 AM    -0.18    30 7.481 :7.483  0-0-0

--------------------------------------------------------------

Engine-Match Tuesday, December 24, 2024 12:03:30 AM
 1 Second 

Pairing 1/1 :    JavaFish  -  JavaFishOld

PGN-File: C:\Program Files (x86)\Arena\Arena.pgn

No:  B/W 1/2     W:B       1:2           Time        Value Moves Dep 1:2       1-2-Draws
   1 * *     0.0:0.0        0.0:0.0       12:04:53 AM    +0.09    33 7.250 :7.462  0-0-0
   1 * *     0.0:0.0        0.0:0.0       12:08:47 AM    +6.27    48 7.543 :7.529  0-0-0
   1 * *     0.0:0.0        0.0:0.0       12:15:07 AM    +1.16    29 7.438 :7.882  0-0-0
   1 * *     0.0:0.0        0.0:0.0       12:22:42 AM    +0.11    33 7.478 :7.478  0-0-0
   1 * *     0.0:0.0        0.0:0.0       12:29:40 AM    +9.08    24 7.905 :7.950  0-0-0
   1 * *     0.0:0.0        0.0:0.0       12:36:58 AM    +1.16    29 7.438 :7.882  0-0-0
   1 * *     0.0:0.0        0.0:0.0       12:44:16 AM    -3.29    29 7.444 :7.737  0-0-0
