Engine-Match Tuesday, December 24, 2024 1:06:54 PM
 1 Second 

Pairing 1/1 :    JavaFish  -  JavaFishOld

PGN-File: C:\Program Files (x86)\Arena\Arena.pgn

No:  B/W 1/2     W:B       1:2           Time        Value Moves Dep 1:2       1-2-Draws

--------------------------------------------------------------

Engine-Match Tuesday, December 24, 2024 1:19:27 PM
 1 Second 

Pairing 1/1 :    JavaFish  -  JavaFishOld

PGN-File: C:\Program Files (x86)\Arena\Arena.pgn

No:  B/W 1/2     W:B       1:2           Time        Value Moves Dep 1:2       1-2-Draws
   1 W 1    1.0:0.0        1.0:0.0       1:22:38 PM   +11.47    84 8.097 :8.258  1-0-0

--------------------------------------------------------------

Engine-Match Tuesday, December 24, 2024 5:55:26 PM
 1 Second 

Pairing 1/1 :    JavaFish  -  JavaFishOld

PGN-File: C:\Program Files (x86)\Arena\Arena.pgn

No:  B/W 1/2     W:B       1:2           Time        Value Moves Dep 1:2       1-2-Draws
  54 W 2    10.0:9.0       26.0:28.0     5:57:33 PM   +10.43    56 7.950 :8.053  17-19-18

--------------------------------------------------------------

Engine-Match Tuesday, December 24, 2024 9:52:51 PM
 3 Seconds 

Pairing 1/1 :    JavaFish  -  JavaFishOld

PGN-File: C:\Program Files (x86)\Arena\Arena.pgn

No:  B/W 1/2     W:B       1:2           Time        Value Moves Dep 1:2       1-2-Draws
   1 * *     0.0:0.0        0.0:0.0       9:52:59 PM     0.00     0 0:0 0-0-0

--------------------------------------------------------------

Engine-Match Wednesday, December 25, 2024 8:18:12 PM
 1 Second 

Pairing 1/1 :    JavaFish  -  JavaFishOld

PGN-File: C:\Program Files (x86)\Arena\Arena.pgn

No:  B/W 1/2     W:B       1:2           Time        Value Moves Dep 1:2       1-2-Draws
